{"/Users/anaclaragarcia/Desktop/boilerplate/src/components/LinkWrapper/index.tsx": {"path":"/Users/anaclaragarcia/Desktop/boilerplate/src/components/LinkWrapper/index.tsx","statementMap":{"0":{"start":{"line":9,"column":20},"end":{"line":13,"column":1}},"1":{"start":{"line":10,"column":2},"end":{"line":12,"column":14}}},"fnMap":{"0":{"name":"(anonymous_0)","decl":{"start":{"line":9,"column":20},"end":{"line":9,"column":21}},"loc":{"start":{"line":10,"column":2},"end":{"line":12,"column":14}},"line":10}},"branchMap":{},"s":{"0":1,"1":1},"f":{"0":1},"b":{},"_coverageSchema":"1a1c01bbd47fc00a2c39e90264f33305004495a9","hash":"5372bc90f0f2c0a9130cb056a720abaebbc6b077"}
,"/Users/anaclaragarcia/Desktop/boilerplate/src/components/Map/index.tsx": {"path":"/Users/anaclaragarcia/Desktop/boilerplate/src/components/Map/index.tsx","statementMap":{"0":{"start":{"line":16,"column":23},"end":{"line":16,"column":61}},"1":{"start":{"line":18,"column":24},"end":{"line":30,"column":1}},"2":{"start":{"line":19,"column":2},"end":{"line":29,"column":3}},"3":{"start":{"line":32,"column":12},"end":{"line":60,"column":1}},"4":{"start":{"line":33,"column":17},"end":{"line":33,"column":28}},"5":{"start":{"line":35,"column":2},"end":{"line":59,"column":3}},"6":{"start":{"line":43,"column":40},"end":{"line":43,"column":48}},"7":{"start":{"line":45,"column":8},"end":{"line":56,"column":9}},"8":{"start":{"line":52,"column":16},"end":{"line":52,"column":45}}},"fnMap":{"0":{"name":"(anonymous_0)","decl":{"start":{"line":18,"column":24},"end":{"line":18,"column":25}},"loc":{"start":{"line":18,"column":30},"end":{"line":30,"column":1}},"line":18},"1":{"name":"(anonymous_1)","decl":{"start":{"line":32,"column":12},"end":{"line":32,"column":13}},"loc":{"start":{"line":32,"column":38},"end":{"line":60,"column":1}},"line":32},"2":{"name":"(anonymous_2)","decl":{"start":{"line":42,"column":19},"end":{"line":42,"column":20}},"loc":{"start":{"line":42,"column":53},"end":{"line":57,"column":7}},"line":42},"3":{"name":"(anonymous_3)","decl":{"start":{"line":51,"column":21},"end":{"line":51,"column":22}},"loc":{"start":{"line":51,"column":27},"end":{"line":53,"column":15}},"line":51}},"branchMap":{"0":{"loc":{"start":{"line":19,"column":9},"end":{"line":29,"column":3}},"type":"cond-expr","locations":[{"start":{"line":20,"column":4},"end":{"line":23,"column":6}},{"start":{"line":25,"column":4},"end":{"line":28,"column":6}}],"line":19}},"s":{"0":1,"1":1,"2":2,"3":1,"4":2,"5":2,"6":2,"7":2,"8":0},"f":{"0":2,"1":2,"2":2,"3":0},"b":{"0":[0,2]},"_coverageSchema":"1a1c01bbd47fc00a2c39e90264f33305004495a9","hash":"4acb8525419377d26372e3fa3b5321b97d0a7c10"}
,"/Users/anaclaragarcia/Desktop/boilerplate/src/pages/[slug].tsx": {"path":"/Users/anaclaragarcia/Desktop/boilerplate/src/pages/[slug].tsx","statementMap":{"0":{"start":{"line":9,"column":17},"end":{"line":9,"column":28}},"1":{"start":{"line":12,"column":2},"end":{"line":12,"column":36}},"2":{"start":{"line":12,"column":25},"end":{"line":12,"column":36}},"3":{"start":{"line":14,"column":2},"end":{"line":14,"column":55}},"4":{"start":{"line":18,"column":20},"end":{"line":18,"column":80}},"5":{"start":{"line":20,"column":16},"end":{"line":22,"column":5}},"6":{"start":{"line":20,"column":41},"end":{"line":22,"column":3}},"7":{"start":{"line":24,"column":2},"end":{"line":24,"column":40}},"8":{"start":{"line":27,"column":46},"end":{"line":41,"column":1}},"9":{"start":{"line":28,"column":19},"end":{"line":30,"column":4}},"10":{"start":{"line":32,"column":2},"end":{"line":32,"column":38}},"11":{"start":{"line":32,"column":13},"end":{"line":32,"column":38}},"12":{"start":{"line":34,"column":2},"end":{"line":40,"column":3}}},"fnMap":{"0":{"name":"Page","decl":{"start":{"line":8,"column":24},"end":{"line":8,"column":28}},"loc":{"start":{"line":8,"column":67},"end":{"line":15,"column":1}},"line":8},"1":{"name":"getStaticPaths","decl":{"start":{"line":17,"column":22},"end":{"line":17,"column":36}},"loc":{"start":{"line":17,"column":39},"end":{"line":25,"column":1}},"line":17},"2":{"name":"(anonymous_2)","decl":{"start":{"line":20,"column":26},"end":{"line":20,"column":27}},"loc":{"start":{"line":20,"column":41},"end":{"line":22,"column":3}},"line":20},"3":{"name":"(anonymous_3)","decl":{"start":{"line":27,"column":46},"end":{"line":27,"column":47}},"loc":{"start":{"line":27,"column":68},"end":{"line":41,"column":1}},"line":27}},"branchMap":{"0":{"loc":{"start":{"line":12,"column":2},"end":{"line":12,"column":36}},"type":"if","locations":[{"start":{"line":12,"column":2},"end":{"line":12,"column":36}},{"start":{"line":12,"column":2},"end":{"line":12,"column":36}}],"line":12},"1":{"loc":{"start":{"line":32,"column":2},"end":{"line":32,"column":38}},"type":"if","locations":[{"start":{"line":32,"column":2},"end":{"line":32,"column":38}},{"start":{"line":32,"column":2},"end":{"line":32,"column":38}}],"line":32}},"s":{"0":0,"1":0,"2":0,"3":0,"4":0,"5":0,"6":0,"7":0,"8":0,"9":0,"10":0,"11":0,"12":0},"f":{"0":0,"1":0,"2":0,"3":0},"b":{"0":[0,0],"1":[0,0]}}
,"/Users/anaclaragarcia/Desktop/boilerplate/src/pages/_app.tsx": {"path":"/Users/anaclaragarcia/Desktop/boilerplate/src/pages/_app.tsx","statementMap":{"0":{"start":{"line":10,"column":2},"end":{"line":38,"column":3}}},"fnMap":{"0":{"name":"App","decl":{"start":{"line":9,"column":9},"end":{"line":9,"column":12}},"loc":{"start":{"line":9,"column":49},"end":{"line":39,"column":1}},"line":9}},"branchMap":{},"s":{"0":0},"f":{"0":0},"b":{}}
,"/Users/anaclaragarcia/Desktop/boilerplate/src/pages/_document.tsx": {"path":"/Users/anaclaragarcia/Desktop/boilerplate/src/pages/_document.tsx","statementMap":{"0":{"start":{"line":12,"column":18},"end":{"line":12,"column":40}},"1":{"start":{"line":13,"column":31},"end":{"line":13,"column":45}},"2":{"start":{"line":15,"column":4},"end":{"line":36,"column":5}},"3":{"start":{"line":16,"column":6},"end":{"line":22,"column":10}},"4":{"start":{"line":17,"column":8},"end":{"line":22,"column":10}},"5":{"start":{"line":19,"column":12},"end":{"line":21,"column":13}},"6":{"start":{"line":20,"column":14},"end":{"line":20,"column":60}},"7":{"start":{"line":24,"column":27},"end":{"line":24,"column":62}},"8":{"start":{"line":25,"column":6},"end":{"line":33,"column":7}},"9":{"start":{"line":35,"column":6},"end":{"line":35,"column":18}},"10":{"start":{"line":40,"column":4},"end":{"line":48,"column":5}}},"fnMap":{"0":{"name":"(anonymous_0)","decl":{"start":{"line":11,"column":2},"end":{"line":11,"column":3}},"loc":{"start":{"line":11,"column":53},"end":{"line":37,"column":3}},"line":11},"1":{"name":"(anonymous_1)","decl":{"start":{"line":16,"column":23},"end":{"line":16,"column":24}},"loc":{"start":{"line":17,"column":8},"end":{"line":22,"column":10}},"line":17},"2":{"name":"(anonymous_2)","decl":{"start":{"line":18,"column":22},"end":{"line":18,"column":23}},"loc":{"start":{"line":19,"column":12},"end":{"line":21,"column":13}},"line":19},"3":{"name":"enhance","decl":{"start":{"line":19,"column":21},"end":{"line":19,"column":28}},"loc":{"start":{"line":19,"column":36},"end":{"line":21,"column":13}},"line":19},"4":{"name":"(anonymous_4)","decl":{"start":{"line":39,"column":2},"end":{"line":39,"column":3}},"loc":{"start":{"line":39,"column":11},"end":{"line":49,"column":3}},"line":39}},"branchMap":{},"s":{"0":0,"1":0,"2":0,"3":0,"4":0,"5":0,"6":0,"7":0,"8":0,"9":0,"10":0},"f":{"0":0,"1":0,"2":0,"3":0,"4":0},"b":{}}
,"/Users/anaclaragarcia/Desktop/boilerplate/src/pages/index.tsx": {"path":"/Users/anaclaragarcia/Desktop/boilerplate/src/pages/index.tsx","statementMap":{"0":{"start":{"line":8,"column":2},"end":{"line":8,"column":41}},"1":{"start":{"line":10,"column":30},"end":{"line":17,"column":1}},"2":{"start":{"line":11,"column":21},"end":{"line":11,"column":69}},"3":{"start":{"line":12,"column":2},"end":{"line":16,"column":3}}},"fnMap":{"0":{"name":"Home","decl":{"start":{"line":7,"column":24},"end":{"line":7,"column":28}},"loc":{"start":{"line":7,"column":51},"end":{"line":9,"column":1}},"line":7},"1":{"name":"(anonymous_1)","decl":{"start":{"line":10,"column":30},"end":{"line":10,"column":31}},"loc":{"start":{"line":10,"column":42},"end":{"line":17,"column":1}},"line":10}},"branchMap":{},"s":{"0":0,"1":0,"2":0,"3":0},"f":{"0":0,"1":0},"b":{}}
,"/Users/anaclaragarcia/Desktop/boilerplate/src/pages/place/[slug].tsx": {"path":"/Users/anaclaragarcia/Desktop/boilerplate/src/pages/place/[slug].tsx","statementMap":{"0":{"start":{"line":10,"column":17},"end":{"line":10,"column":28}},"1":{"start":{"line":12,"column":2},"end":{"line":12,"column":36}},"2":{"start":{"line":12,"column":25},"end":{"line":12,"column":36}},"3":{"start":{"line":14,"column":2},"end":{"line":14,"column":41}},"4":{"start":{"line":18,"column":21},"end":{"line":20,"column":4}},"5":{"start":{"line":22,"column":16},"end":{"line":24,"column":5}},"6":{"start":{"line":22,"column":42},"end":{"line":24,"column":3}},"7":{"start":{"line":26,"column":2},"end":{"line":26,"column":40}},"8":{"start":{"line":29,"column":46},"end":{"line":45,"column":1}},"9":{"start":{"line":30,"column":20},"end":{"line":35,"column":3}},"10":{"start":{"line":37,"column":2},"end":{"line":37,"column":39}},"11":{"start":{"line":37,"column":14},"end":{"line":37,"column":39}},"12":{"start":{"line":39,"column":2},"end":{"line":44,"column":3}}},"fnMap":{"0":{"name":"Place","decl":{"start":{"line":9,"column":24},"end":{"line":9,"column":29}},"loc":{"start":{"line":9,"column":62},"end":{"line":15,"column":1}},"line":9},"1":{"name":"getStaticPaths","decl":{"start":{"line":17,"column":22},"end":{"line":17,"column":36}},"loc":{"start":{"line":17,"column":39},"end":{"line":27,"column":1}},"line":17},"2":{"name":"(anonymous_2)","decl":{"start":{"line":22,"column":27},"end":{"line":22,"column":28}},"loc":{"start":{"line":22,"column":42},"end":{"line":24,"column":3}},"line":22},"3":{"name":"(anonymous_3)","decl":{"start":{"line":29,"column":46},"end":{"line":29,"column":47}},"loc":{"start":{"line":29,"column":68},"end":{"line":45,"column":1}},"line":29}},"branchMap":{"0":{"loc":{"start":{"line":12,"column":2},"end":{"line":12,"column":36}},"type":"if","locations":[{"start":{"line":12,"column":2},"end":{"line":12,"column":36}},{"start":{"line":12,"column":2},"end":{"line":12,"column":36}}],"line":12},"1":{"loc":{"start":{"line":37,"column":2},"end":{"line":37,"column":39}},"type":"if","locations":[{"start":{"line":37,"column":2},"end":{"line":37,"column":39}},{"start":{"line":37,"column":2},"end":{"line":37,"column":39}}],"line":37}},"s":{"0":0,"1":0,"2":0,"3":0,"4":0,"5":0,"6":0,"7":0,"8":0,"9":0,"10":0,"11":0,"12":0},"f":{"0":0,"1":0,"2":0,"3":0},"b":{"0":[0,0],"1":[0,0]}}
,"/Users/anaclaragarcia/Desktop/boilerplate/src/templates/Home/index.tsx": {"path":"/Users/anaclaragarcia/Desktop/boilerplate/src/templates/Home/index.tsx","statementMap":{"0":{"start":{"line":8,"column":12},"end":{"line":8,"column":67}},"1":{"start":{"line":8,"column":26},"end":{"line":8,"column":50}},"2":{"start":{"line":11,"column":2},"end":{"line":23,"column":3}}},"fnMap":{"0":{"name":"(anonymous_0)","decl":{"start":{"line":8,"column":20},"end":{"line":8,"column":21}},"loc":{"start":{"line":8,"column":26},"end":{"line":8,"column":50}},"line":8},"1":{"name":"HomeTemplate","decl":{"start":{"line":10,"column":24},"end":{"line":10,"column":36}},"loc":{"start":{"line":10,"column":59},"end":{"line":24,"column":1}},"line":10}},"branchMap":{},"s":{"0":0,"1":0,"2":0},"f":{"0":0,"1":0},"b":{}}
,"/Users/anaclaragarcia/Desktop/boilerplate/src/templates/Pages/index.tsx": {"path":"/Users/anaclaragarcia/Desktop/boilerplate/src/templates/Pages/index.tsx","statementMap":{"0":{"start":{"line":11,"column":21},"end":{"line":23,"column":1}},"1":{"start":{"line":12,"column":2},"end":{"line":22,"column":14}}},"fnMap":{"0":{"name":"(anonymous_0)","decl":{"start":{"line":11,"column":21},"end":{"line":11,"column":22}},"loc":{"start":{"line":12,"column":2},"end":{"line":22,"column":14}},"line":12}},"branchMap":{},"s":{"0":0,"1":0},"f":{"0":0},"b":{}}
,"/Users/anaclaragarcia/Desktop/boilerplate/src/templates/Places/index.tsx": {"path":"/Users/anaclaragarcia/Desktop/boilerplate/src/templates/Places/index.tsx","statementMap":{"0":{"start":{"line":27,"column":2},"end":{"line":77,"column":3}},"1":{"start":{"line":64,"column":14},"end":{"line":71,"column":16}}},"fnMap":{"0":{"name":"PlacesTemplate","decl":{"start":{"line":26,"column":24},"end":{"line":26,"column":38}},"loc":{"start":{"line":26,"column":71},"end":{"line":78,"column":1}},"line":26},"1":{"name":"(anonymous_1)","decl":{"start":{"line":63,"column":31},"end":{"line":63,"column":32}},"loc":{"start":{"line":64,"column":14},"end":{"line":71,"column":16}},"line":64}},"branchMap":{"0":{"loc":{"start":{"line":32,"column":10},"end":{"line":33,"column":95}},"type":"binary-expr","locations":[{"start":{"line":32,"column":10},"end":{"line":32,"column":33}},{"start":{"line":33,"column":10},"end":{"line":33,"column":95}}],"line":32},"1":{"loc":{"start":{"line":40,"column":12},"end":{"line":41,"column":97}},"type":"binary-expr","locations":[{"start":{"line":40,"column":12},"end":{"line":40,"column":35}},{"start":{"line":41,"column":12},"end":{"line":41,"column":97}}],"line":40}},"s":{"0":0,"1":0},"f":{"0":0,"1":0},"b":{"0":[0,0],"1":[0,0]}}
}
