TN:
SF:src/components/LinkWrapper/index.tsx
FN:9,(anonymous_0)
FNF:1
FNH:1
FNDA:1,(anonymous_0)
DA:9,1
DA:10,1
LF:2
LH:2
BRF:0
BRH:0
end_of_record
TN:
SF:src/components/Map/index.tsx
FN:18,(anonymous_0)
FN:32,(anonymous_1)
FN:42,(anonymous_2)
FN:51,(anonymous_3)
FNF:4
FNH:3
FNDA:2,(anonymous_0)
FNDA:2,(anonymous_1)
FNDA:2,(anonymous_2)
FNDA:0,(anonymous_3)
DA:16,1
DA:18,1
DA:19,2
DA:32,1
DA:33,2
DA:35,2
DA:43,2
DA:45,2
DA:52,0
LF:9
LH:8
BRDA:19,0,0,0
BRDA:19,0,1,2
BRF:2
BRH:1
end_of_record
TN:
SF:src/pages/[slug].tsx
FN:8,Page
FN:17,getStaticPaths
FN:20,(anonymous_2)
FN:27,(anonymous_3)
FNF:4
FNH:0
FNDA:0,Page
FNDA:0,getStaticPaths
FNDA:0,(anonymous_2)
FNDA:0,(anonymous_3)
DA:9,0
DA:12,0
DA:14,0
DA:18,0
DA:20,0
DA:24,0
DA:27,0
DA:28,0
DA:32,0
DA:34,0
LF:10
LH:0
BRDA:12,0,0,0
BRDA:12,0,1,0
BRDA:32,1,0,0
BRDA:32,1,1,0
BRF:4
BRH:0
end_of_record
TN:
SF:src/pages/_app.tsx
FN:9,App
FNF:1
FNH:0
FNDA:0,App
DA:10,0
LF:1
LH:0
BRF:0
BRH:0
end_of_record
TN:
SF:src/pages/_document.tsx
FN:11,(anonymous_0)
FN:16,(anonymous_1)
FN:18,(anonymous_2)
FN:19,enhance
FN:39,(anonymous_4)
FNF:5
FNH:0
FNDA:0,(anonymous_0)
FNDA:0,(anonymous_1)
FNDA:0,(anonymous_2)
FNDA:0,enhance
FNDA:0,(anonymous_4)
DA:12,0
DA:13,0
DA:15,0
DA:16,0
DA:17,0
DA:19,0
DA:20,0
DA:24,0
DA:25,0
DA:35,0
DA:40,0
LF:11
LH:0
BRF:0
BRH:0
end_of_record
TN:
SF:src/pages/index.tsx
FN:7,Home
FN:10,(anonymous_1)
FNF:2
FNH:0
FNDA:0,Home
FNDA:0,(anonymous_1)
DA:8,0
DA:10,0
DA:11,0
DA:12,0
LF:4
LH:0
BRF:0
BRH:0
end_of_record
TN:
SF:src/pages/place/[slug].tsx
FN:9,Place
FN:17,getStaticPaths
FN:22,(anonymous_2)
FN:29,(anonymous_3)
FNF:4
FNH:0
FNDA:0,Place
FNDA:0,getStaticPaths
FNDA:0,(anonymous_2)
FNDA:0,(anonymous_3)
DA:10,0
DA:12,0
DA:14,0
DA:18,0
DA:22,0
DA:26,0
DA:29,0
DA:30,0
DA:37,0
DA:39,0
LF:10
LH:0
BRDA:12,0,0,0
BRDA:12,0,1,0
BRDA:37,1,0,0
BRDA:37,1,1,0
BRF:4
BRH:0
end_of_record
TN:
SF:src/templates/Home/index.tsx
FN:8,(anonymous_0)
FN:10,HomeTemplate
FNF:2
FNH:0
FNDA:0,(anonymous_0)
FNDA:0,HomeTemplate
DA:8,0
DA:11,0
LF:2
LH:0
BRF:0
BRH:0
end_of_record
TN:
SF:src/templates/Pages/index.tsx
FN:11,(anonymous_0)
FNF:1
FNH:0
FNDA:0,(anonymous_0)
DA:11,0
DA:12,0
LF:2
LH:0
BRF:0
BRH:0
end_of_record
TN:
SF:src/templates/Places/index.tsx
FN:26,PlacesTemplate
FN:63,(anonymous_1)
FNF:2
FNH:0
FNDA:0,PlacesTemplate
FNDA:0,(anonymous_1)
DA:27,0
DA:64,0
LF:2
LH:0
BRDA:32,0,0,0
BRDA:32,0,1,0
BRDA:40,1,0,0
BRDA:40,1,1,0
BRF:4
BRH:0
end_of_record
